<?xml version="1.0" encoding="UTF-8"?>
<!-- Generated by org.testng.reporters.JUnitReportReporter -->
<testsuite hostname="DESKTOP-B6NN9JJ" failures="0" tests="1" name="testCase.SampleTest" time="15.672" errors="0" timestamp="2021-06-27T20:56:13 IST" skipped="0">
  <testcase classname="testCase.SampleTest" name="createLead" time="15.672"/>
  <system-out/>
</testsuite> <!-- testCase.SampleTest -->
